[2025-06-20 13:16:16] local.ERROR: Unable to prepare route [login] for serialization. Another route has already been assigned name [login]. {"exception":"[object] (LogicException(code: 0): Unable to prepare route [login] for serialization. Another route has already been assigned name [login]. at /Applications/XAMPP/xamppfiles/htdocs/laravel/Motorinventory/vendor/laravel/framework/src/Illuminate/Routing/AbstractRouteCollection.php:219)
[stacktrace]
#0 /Applications/XAMPP/xamppfiles/htdocs/laravel/Motorinventory/vendor/laravel/framework/src/Illuminate/Routing/AbstractRouteCollection.php(180): Illuminate\\Routing\\AbstractRouteCollection->addToSymfonyRoutesCollection(Object(Symfony\\Component\\Routing\\RouteCollection), Object(Illuminate\\Routing\\Route))
#1 /Applications/XAMPP/xamppfiles/htdocs/laravel/Motorinventory/vendor/laravel/framework/src/Illuminate/Routing/RouteCollection.php(246): Illuminate\\Routing\\AbstractRouteCollection->toSymfonyRouteCollection()
#2 /Applications/XAMPP/xamppfiles/htdocs/laravel/Motorinventory/vendor/laravel/framework/src/Illuminate/Routing/AbstractRouteCollection.php(164): Illuminate\\Routing\\RouteCollection->toSymfonyRouteCollection()
#3 /Applications/XAMPP/xamppfiles/htdocs/laravel/Motorinventory/vendor/laravel/framework/src/Illuminate/Routing/AbstractRouteCollection.php(135): Illuminate\\Routing\\AbstractRouteCollection->dumper()
#4 /Applications/XAMPP/xamppfiles/htdocs/laravel/Motorinventory/vendor/laravel/framework/src/Illuminate/Foundation/Console/RouteCacheCommand.php(120): Illuminate\\Routing\\AbstractRouteCollection->compile()
#5 /Applications/XAMPP/xamppfiles/htdocs/laravel/Motorinventory/vendor/laravel/framework/src/Illuminate/Foundation/Console/RouteCacheCommand.php(79): Illuminate\\Foundation\\Console\\RouteCacheCommand->buildRouteCacheFile(Object(Illuminate\\Routing\\RouteCollection))
#6 /Applications/XAMPP/xamppfiles/htdocs/laravel/Motorinventory/vendor/laravel/framework/src/Illuminate/Container/BoundMethod.php(36): Illuminate\\Foundation\\Console\\RouteCacheCommand->handle()
#7 /Applications/XAMPP/xamppfiles/htdocs/laravel/Motorinventory/vendor/laravel/framework/src/Illuminate/Container/Util.php(41): Illuminate\\Container\\BoundMethod::Illuminate\\Container\\{closure}()
#8 /Applications/XAMPP/xamppfiles/htdocs/laravel/Motorinventory/vendor/laravel/framework/src/Illuminate/Container/BoundMethod.php(93): Illuminate\\Container\\Util::unwrapIfClosure(Object(Closure))
#9 /Applications/XAMPP/xamppfiles/htdocs/laravel/Motorinventory/vendor/laravel/framework/src/Illuminate/Container/BoundMethod.php(35): Illuminate\\Container\\BoundMethod::callBoundMethod(Object(Illuminate\\Foundation\\Application), Array, Object(Closure))
#10 /Applications/XAMPP/xamppfiles/htdocs/laravel/Motorinventory/vendor/laravel/framework/src/Illuminate/Container/Container.php(651): Illuminate\\Container\\BoundMethod::call(Object(Illuminate\\Foundation\\Application), Array, Array, NULL)
#11 /Applications/XAMPP/xamppfiles/htdocs/laravel/Motorinventory/vendor/laravel/framework/src/Illuminate/Console/Command.php(182): Illuminate\\Container\\Container->call(Array)
#12 /Applications/XAMPP/xamppfiles/htdocs/laravel/Motorinventory/vendor/symfony/console/Command/Command.php(312): Illuminate\\Console\\Command->execute(Object(Symfony\\Component\\Console\\Input\\ArrayInput), Object(Illuminate\\Console\\OutputStyle))
#13 /Applications/XAMPP/xamppfiles/htdocs/laravel/Motorinventory/vendor/laravel/framework/src/Illuminate/Console/Command.php(151): Symfony\\Component\\Console\\Command\\Command->run(Object(Symfony\\Component\\Console\\Input\\ArrayInput), Object(Illuminate\\Console\\OutputStyle))
#14 /Applications/XAMPP/xamppfiles/htdocs/laravel/Motorinventory/vendor/laravel/framework/src/Illuminate/Console/Concerns/CallsCommands.php(67): Illuminate\\Console\\Command->run(Object(Symfony\\Component\\Console\\Input\\ArrayInput), Object(Symfony\\Component\\Console\\Output\\NullOutput))
#15 /Applications/XAMPP/xamppfiles/htdocs/laravel/Motorinventory/vendor/laravel/framework/src/Illuminate/Console/Concerns/CallsCommands.php(40): Illuminate\\Console\\Command->runCommand('route:cache', Array, Object(Symfony\\Component\\Console\\Output\\NullOutput))
#16 /Applications/XAMPP/xamppfiles/htdocs/laravel/Motorinventory/vendor/laravel/framework/src/Illuminate/Foundation/Console/OptimizeCommand.php(47): Illuminate\\Console\\Command->callSilent('route:cache')
#17 /Applications/XAMPP/xamppfiles/htdocs/laravel/Motorinventory/vendor/laravel/framework/src/Illuminate/Console/View/Components/Task.php(36): Illuminate\\Foundation\\Console\\OptimizeCommand->Illuminate\\Foundation\\Console\\{closure}()
#18 /Applications/XAMPP/xamppfiles/htdocs/laravel/Motorinventory/vendor/laravel/framework/src/Illuminate/Console/View/Components/Factory.php(56): Illuminate\\Console\\View\\Components\\Task->render('routes', Object(Closure))
#19 /Applications/XAMPP/xamppfiles/htdocs/laravel/Motorinventory/vendor/laravel/framework/src/Illuminate/Foundation/Console/OptimizeCommand.php(48): Illuminate\\Console\\View\\Components\\Factory->__call('task', Array)
#20 /Applications/XAMPP/xamppfiles/htdocs/laravel/Motorinventory/vendor/laravel/framework/src/Illuminate/Collections/Traits/EnumeratesValues.php(236): Illuminate\\Foundation\\Console\\OptimizeCommand->Illuminate\\Foundation\\Console\\{closure}(Object(Closure), 'routes')
#21 /Applications/XAMPP/xamppfiles/htdocs/laravel/Motorinventory/vendor/laravel/framework/src/Illuminate/Foundation/Console/OptimizeCommand.php(48): Illuminate\\Support\\Collection->each(Object(Closure))
#22 /Applications/XAMPP/xamppfiles/htdocs/laravel/Motorinventory/vendor/laravel/framework/src/Illuminate/Container/BoundMethod.php(36): Illuminate\\Foundation\\Console\\OptimizeCommand->handle()
#23 /Applications/XAMPP/xamppfiles/htdocs/laravel/Motorinventory/vendor/laravel/framework/src/Illuminate/Container/Util.php(41): Illuminate\\Container\\BoundMethod::Illuminate\\Container\\{closure}()
#24 /Applications/XAMPP/xamppfiles/htdocs/laravel/Motorinventory/vendor/laravel/framework/src/Illuminate/Container/BoundMethod.php(93): Illuminate\\Container\\Util::unwrapIfClosure(Object(Closure))
#25 /Applications/XAMPP/xamppfiles/htdocs/laravel/Motorinventory/vendor/laravel/framework/src/Illuminate/Container/BoundMethod.php(35): Illuminate\\Container\\BoundMethod::callBoundMethod(Object(Illuminate\\Foundation\\Application), Array, Object(Closure))
#26 /Applications/XAMPP/xamppfiles/htdocs/laravel/Motorinventory/vendor/laravel/framework/src/Illuminate/Container/Container.php(651): Illuminate\\Container\\BoundMethod::call(Object(Illuminate\\Foundation\\Application), Array, Array, NULL)
#27 /Applications/XAMPP/xamppfiles/htdocs/laravel/Motorinventory/vendor/laravel/framework/src/Illuminate/Console/Command.php(182): Illuminate\\Container\\Container->call(Array)
#28 /Applications/XAMPP/xamppfiles/htdocs/laravel/Motorinventory/vendor/symfony/console/Command/Command.php(312): Illuminate\\Console\\Command->execute(Object(Symfony\\Component\\Console\\Input\\ArgvInput), Object(Illuminate\\Console\\OutputStyle))
#29 /Applications/XAMPP/xamppfiles/htdocs/laravel/Motorinventory/vendor/laravel/framework/src/Illuminate/Console/Command.php(151): Symfony\\Component\\Console\\Command\\Command->run(Object(Symfony\\Component\\Console\\Input\\ArgvInput), Object(Illuminate\\Console\\OutputStyle))
#30 /Applications/XAMPP/xamppfiles/htdocs/laravel/Motorinventory/vendor/symfony/console/Application.php(1020): Illuminate\\Console\\Command->run(Object(Symfony\\Component\\Console\\Input\\ArgvInput), Object(Symfony\\Component\\Console\\Output\\ConsoleOutput))
#31 /Applications/XAMPP/xamppfiles/htdocs/laravel/Motorinventory/vendor/symfony/console/Application.php(312): Symfony\\Component\\Console\\Application->doRunCommand(Object(Illuminate\\Foundation\\Console\\OptimizeCommand), Object(Symfony\\Component\\Console\\Input\\ArgvInput), Object(Symfony\\Component\\Console\\Output\\ConsoleOutput))
#32 /Applications/XAMPP/xamppfiles/htdocs/laravel/Motorinventory/vendor/symfony/console/Application.php(168): Symfony\\Component\\Console\\Application->doRun(Object(Symfony\\Component\\Console\\Input\\ArgvInput), Object(Symfony\\Component\\Console\\Output\\ConsoleOutput))
#33 /Applications/XAMPP/xamppfiles/htdocs/laravel/Motorinventory/vendor/laravel/framework/src/Illuminate/Console/Application.php(102): Symfony\\Component\\Console\\Application->run(Object(Symfony\\Component\\Console\\Input\\ArgvInput), Object(Symfony\\Component\\Console\\Output\\ConsoleOutput))
#34 /Applications/XAMPP/xamppfiles/htdocs/laravel/Motorinventory/vendor/laravel/framework/src/Illuminate/Foundation/Console/Kernel.php(155): Illuminate\\Console\\Application->run(Object(Symfony\\Component\\Console\\Input\\ArgvInput), Object(Symfony\\Component\\Console\\Output\\ConsoleOutput))
#35 /Applications/XAMPP/xamppfiles/htdocs/laravel/Motorinventory/artisan(35): Illuminate\\Foundation\\Console\\Kernel->handle(Object(Symfony\\Component\\Console\\Input\\ArgvInput), Object(Symfony\\Component\\Console\\Output\\ConsoleOutput))
#36 {main}
"} 
